<?xml version="1.0" encoding="UTF-8"?>
<testsuite name="ru.ithub.spring.kt1java.Kt1JavaApplicationTests" tests="1" skipped="0" failures="0" errors="0" timestamp="2024-11-12T11:30:10" hostname="LAPTOP-OLNAO0FS" time="0.434">
  <properties/>
  <testcase name="contextLoads()" classname="ru.ithub.spring.kt1java.Kt1JavaApplicationTests" time="0.434"/>
  <system-out><![CDATA[14:30:06.627 [Test worker] INFO org.springframework.test.context.support.AnnotationConfigContextLoaderUtils -- Could not detect default configuration classes for test class [ru.ithub.spring.kt1java.Kt1JavaApplicationTests]: Kt1JavaApplicationTests does not declare any static, non-private, non-final, nested classes annotated with @Configuration.
14:30:06.746 [Test worker] INFO org.springframework.boot.test.context.SpringBootTestContextBootstrapper -- Found @SpringBootConfiguration ru.ithub.spring.kt1java.Main for test class ru.ithub.spring.kt1java.Kt1JavaApplicationTests

  .   ____          _            __ _ _
 /\\ / ___'_ __ _ _(_)_ __  __ _ \ \ \ \
( ( )\___ | '_ | '_| | '_ \/ _` | \ \ \ \
 \\/  ___)| |_)| | | | | || (_| |  ) ) ) )
  '  |____| .__|_| |_|_| |_\__, | / / / /
 =========|_|==============|___/=/_/_/_/

 :: Spring Boot ::                (v3.3.5)

2024-11-12T14:30:07.084+03:00  INFO 2432 --- [kt1Java] [    Test worker] r.i.s.kt1java.Kt1JavaApplicationTests    : Starting Kt1JavaApplicationTests using Java 21.0.1 with PID 2432 (started by 89648 in C:\Users\89648\IdeaProjects\kt1Java)
2024-11-12T14:30:07.085+03:00  INFO 2432 --- [kt1Java] [    Test worker] r.i.s.kt1java.Kt1JavaApplicationTests    : No active profile set, falling back to 1 default profile: "default"
2024-11-12T14:30:07.611+03:00  INFO 2432 --- [kt1Java] [    Test worker] .s.d.r.c.RepositoryConfigurationDelegate : Bootstrapping Spring Data JPA repositories in DEFAULT mode.
2024-11-12T14:30:07.660+03:00  INFO 2432 --- [kt1Java] [    Test worker] .s.d.r.c.RepositoryConfigurationDelegate : Finished Spring Data repository scanning in 43 ms. Found 1 JPA repository interface.
2024-11-12T14:30:08.009+03:00  INFO 2432 --- [kt1Java] [    Test worker] com.zaxxer.hikari.HikariDataSource       : HikariPool-1 - Starting...
2024-11-12T14:30:08.195+03:00  INFO 2432 --- [kt1Java] [    Test worker] com.zaxxer.hikari.pool.HikariPool        : HikariPool-1 - Added connection conn0: url=jdbc:h2:mem:testdb user=SA
2024-11-12T14:30:08.197+03:00  INFO 2432 --- [kt1Java] [    Test worker] com.zaxxer.hikari.HikariDataSource       : HikariPool-1 - Start completed.
2024-11-12T14:30:08.240+03:00  INFO 2432 --- [kt1Java] [    Test worker] o.hibernate.jpa.internal.util.LogHelper  : HHH000204: Processing PersistenceUnitInfo [name: default]
2024-11-12T14:30:08.305+03:00  INFO 2432 --- [kt1Java] [    Test worker] org.hibernate.Version                    : HHH000412: Hibernate ORM core version 6.5.3.Final
2024-11-12T14:30:08.340+03:00  INFO 2432 --- [kt1Java] [    Test worker] o.h.c.internal.RegionFactoryInitiator    : HHH000026: Second-level cache disabled
2024-11-12T14:30:08.623+03:00  INFO 2432 --- [kt1Java] [    Test worker] o.s.o.j.p.SpringPersistenceUnitInfo      : No LoadTimeWeaver setup: ignoring JPA class transformer
2024-11-12T14:30:08.667+03:00  WARN 2432 --- [kt1Java] [    Test worker] org.hibernate.orm.deprecation            : HHH90000025: H2Dialect does not need to be specified explicitly using 'hibernate.dialect' (remove the property setting and it will be selected by default)
2024-11-12T14:30:09.315+03:00  INFO 2432 --- [kt1Java] [    Test worker] o.h.e.t.j.p.i.JtaPlatformInitiator       : HHH000489: No JTA platform available (set 'hibernate.transaction.jta.platform' to enable JTA platform integration)
2024-11-12T14:30:09.347+03:00  INFO 2432 --- [kt1Java] [    Test worker] j.LocalContainerEntityManagerFactoryBean : Initialized JPA EntityManagerFactory for persistence unit 'default'
2024-11-12T14:30:09.729+03:00  WARN 2432 --- [kt1Java] [    Test worker] JpaBaseConfiguration$JpaWebConfiguration : spring.jpa.open-in-view is enabled by default. Therefore, database queries may be performed during view rendering. Explicitly configure spring.jpa.open-in-view to disable this warning
2024-11-12T14:30:10.046+03:00  INFO 2432 --- [kt1Java] [    Test worker] o.s.b.a.h2.H2ConsoleAutoConfiguration    : H2 console available at '/h2-console'. Database available at 'jdbc:h2:mem:testdb'
2024-11-12T14:30:10.098+03:00  INFO 2432 --- [kt1Java] [    Test worker] r.i.s.kt1java.Kt1JavaApplicationTests    : Started Kt1JavaApplicationTests in 3.217 seconds (process running for 4.279)
]]></system-out>
  <system-err><![CDATA[]]></system-err>
</testsuite>
